#
# There is insufficient memory for the Java Runtime Environment to continue.
# Native memory allocation (mmap) failed to map 536870912 bytes for G1 virtual space
# Possible reasons:
#   The system is out of physical RAM or swap space
#   The process is running with CompressedOops enabled, and the Java Heap may be blocking the growth of the native heap
# Possible solutions:
#   Reduce memory load on the system
#   Increase physical memory or swap space
#   Check if swap backing store is full
#   Decrease Java heap size (-Xmx/-Xms)
#   Decrease number of Java threads
#   Decrease Java thread stack sizes (-Xss)
#   Set larger code cache with -XX:ReservedCodeCacheSize=
#   JVM is running with Zero Based Compressed Oops mode in which the Java heap is
#     placed in the first 32GB address space. The Java Heap base address is the
#     maximum limit for the native heap growth. Please use -XX:HeapBaseMinAddress
#     to set the Java Heap base and to place the Java Heap above 32GB virtual address.
# This output file may be truncated or incomplete.
#
#  Out of Memory Error (os_windows.cpp:3600), pid=22104, tid=24760
#
# JRE version:  (21.0.2+13) (build )
# Java VM: Java HotSpot(TM) 64-Bit Server VM (21.0.2+13-LTS-58, mixed mode, sharing, tiered, compressed oops, compressed class ptrs, g1 gc, windows-amd64)
# No core dump will be written. Minidumps are not enabled by default on client versions of Windows
#

---------------  S U M M A R Y ------------

Command Line: -Dfile.encoding=UTF-8 -Dstdout.encoding=UTF-8 -Dstderr.encoding=UTF-8 -XX:+ShowCodeDetailsInExceptionMessages cl.bonBonJovi.main.Main

Host: Intel(R) Core(TM) i5-10400F CPU @ 2.90GHz, 12 cores, 31G,  Windows 10 , 64 bit Build 19041 (10.0.19041.3636)
Time: Fri Jun 14 22:10:11 2024 Hora est. Sudamérica Pacífico elapsed time: 0.007186 seconds (0d 0h 0m 0s)

---------------  T H R E A D  ---------------

Current thread (0x00000200a18aa790):  JavaThread "Unknown thread" [_thread_in_vm, id=24760, stack(0x0000009c23000000,0x0000009c23100000) (1024K)]

Stack: [0x0000009c23000000,0x0000009c23100000]
Native frames: (J=compiled Java code, j=interpreted, Vv=VM code, C=native code)
V  [jvm.dll+0x6cade9]
V  [jvm.dll+0x8569c1]
V  [jvm.dll+0x858d2e]
V  [jvm.dll+0x859413]
V  [jvm.dll+0x280e56]
V  [jvm.dll+0x6c74d5]
V  [jvm.dll+0x6bbeca]
V  [jvm.dll+0x355bca]
V  [jvm.dll+0x35d816]
V  [jvm.dll+0x3ae67e]
V  [jvm.dll+0x3ae928]
V  [jvm.dll+0x3295dc]
V  [jvm.dll+0x32a16b]
V  [jvm.dll+0x81efa9]
V  [jvm.dll+0x3bba01]
V  [jvm.dll+0x807928]
V  [jvm.dll+0x44f50e]
V  [jvm.dll+0x450e11]
C  [jli.dll+0x52a3]
C  [ucrtbase.dll+0x21bb2]
C  [KERNEL32.DLL+0x17344]
C  [ntdll.dll+0x526b1]


---------------  P R O C E S S  ---------------

Threads class SMR info:
_java_thread_list=0x00007ffddf05bb88, length=0, elements={
}

Java Threads: ( => current thread )
Total: 0

Other Threads:
  0x00000200a3a9da20 WorkerThread "GC Thread#0"                     [id=23044, stack(0x0000009c23100000,0x0000009c23200000) (1024K)]
  0x00000200a3aae220 ConcurrentGCThread "G1 Main Marker"            [id=19532, stack(0x0000009c23200000,0x0000009c23300000) (1024K)]
  0x00000200a3aaec30 WorkerThread "G1 Conc#0"                       [id=3728, stack(0x0000009c23300000,0x0000009c23400000) (1024K)]

[error occurred during error reporting (printing all threads), id 0xc0000005, EXCEPTION_ACCESS_VIOLATION (0xc0000005) at pc=0x00007ffdde7cc6a7]
VM state: not at safepoint (not fully initialized)

VM Mutex/Monitor currently owned by a thread:  ([mutex/lock_event])
[0x00007ffddf0cce68] Heap_lock - owner thread: 0x00000200a18aa790

Heap address: 0x0000000601000000, size: 8176 MB, Compressed Oops mode: Zero based, Oop shift amount: 3

CDS archive(s) mapped at: [0x0000000000000000-0x0000000000000000-0x0000000000000000), size 0, SharedBaseAddress: 0x0000000800000000, ArchiveRelocationMode: 1.
Narrow klass base: 0x0000000000000000, Narrow klass shift: 0, Narrow klass range: 0x0

GC Precious Log:
 CardTable entry size: 512
 Card Set container configuration: InlinePtr #cards 4 size 8 Array Of Cards #cards 32 size 80 Howl #buckets 8 coarsen threshold 7372 Howl Bitmap #cards 1024 size 144 coarsen threshold 921 Card regions per heap region 1 cards per card region 8192

Heap:
 garbage-first heap   total 0K, used 0K [0x0000000601000000, 0x0000000800000000)
  region size 4096K, 0 young (0K), 0 survivors (0K)

[error occurred during error reporting (printing heap information), id 0xc0000005, EXCEPTION_ACCESS_VIOLATION (0xc0000005) at pc=0x00007ffddebb39f9]
GC Heap History (0 events):
No events

Dll operation events (1 events):
Event: 0.005 Loaded shared library C:\Program Files\Java\jdk-21\bin\java.dll

Deoptimization events (0 events):
No events

Classes loaded (0 events):
No events

Classes unloaded (0 events):
No events

Classes redefined (0 events):
No events

Internal exceptions (0 events):
No events

ZGC Phase Switch (0 events):
No events

VM Operations (0 events):
No events

Events (0 events):
No events


Dynamic libraries:
0x00007ff73df10000 - 0x00007ff73df20000 	C:\Program Files\Java\jdk-21\bin\javaw.exe
0x00007ffe41b30000 - 0x00007ffe41d28000 	C:\WINDOWS\SYSTEM32\ntdll.dll
0x00007ffe40260000 - 0x00007ffe4031d000 	C:\WINDOWS\System32\KERNEL32.DLL
0x00007ffe3f1e0000 - 0x00007ffe3f4d6000 	C:\WINDOWS\System32\KERNELBASE.dll
0x00007ffe3f4e0000 - 0x00007ffe3f5e0000 	C:\WINDOWS\System32\ucrtbase.dll
0x00007ffe33420000 - 0x00007ffe33439000 	C:\Program Files\Java\jdk-21\bin\jli.dll
0x00007ffe33400000 - 0x00007ffe3341b000 	C:\Program Files\Java\jdk-21\bin\VCRUNTIME140.dll
0x00007ffe3fb60000 - 0x00007ffe3fc10000 	C:\WINDOWS\System32\ADVAPI32.dll
0x00007ffe41780000 - 0x00007ffe4181e000 	C:\WINDOWS\System32\msvcrt.dll
0x00007ffe40320000 - 0x00007ffe403c0000 	C:\WINDOWS\System32\sechost.dll
0x00007ffe41890000 - 0x00007ffe419b3000 	C:\WINDOWS\System32\RPCRT4.dll
0x00007ffe3f5e0000 - 0x00007ffe3f607000 	C:\WINDOWS\System32\bcrypt.dll
0x00007ffe40540000 - 0x00007ffe406df000 	C:\WINDOWS\System32\USER32.dll
0x00007ffe3f610000 - 0x00007ffe3f632000 	C:\WINDOWS\System32\win32u.dll
0x00007ffe2ab40000 - 0x00007ffe2adda000 	C:\WINDOWS\WinSxS\amd64_microsoft.windows.common-controls_6595b64144ccf1df_6.0.19041.4355_none_60b8b9eb71f62e16\COMCTL32.dll
0x00007ffe415a0000 - 0x00007ffe415cb000 	C:\WINDOWS\System32\GDI32.dll
0x00007ffe3f640000 - 0x00007ffe3f757000 	C:\WINDOWS\System32\gdi32full.dll
0x00007ffe3f960000 - 0x00007ffe3f9fd000 	C:\WINDOWS\System32\msvcp_win.dll
0x00007ffe381f0000 - 0x00007ffe381fa000 	C:\WINDOWS\SYSTEM32\VERSION.dll
0x00007ffe40210000 - 0x00007ffe40242000 	C:\WINDOWS\System32\IMM32.DLL
0x00007ffe36c00000 - 0x00007ffe36c0c000 	C:\Program Files\Java\jdk-21\bin\vcruntime140_1.dll
0x00007ffe16860000 - 0x00007ffe168ee000 	C:\Program Files\Java\jdk-21\bin\msvcp140.dll
0x00007ffdde490000 - 0x00007ffddf1a7000 	C:\Program Files\Java\jdk-21\bin\server\jvm.dll
0x00007ffe40bd0000 - 0x00007ffe40c3b000 	C:\WINDOWS\System32\WS2_32.dll
0x00007ffe3e710000 - 0x00007ffe3e75b000 	C:\WINDOWS\SYSTEM32\POWRPROF.dll
0x00007ffe31600000 - 0x00007ffe31627000 	C:\WINDOWS\SYSTEM32\WINMM.dll
0x00007ffe3e5d0000 - 0x00007ffe3e5e2000 	C:\WINDOWS\SYSTEM32\UMPDC.dll
0x00007ffe3da10000 - 0x00007ffe3da22000 	C:\WINDOWS\SYSTEM32\kernel.appcore.dll
0x00007ffe35ed0000 - 0x00007ffe35eda000 	C:\Program Files\Java\jdk-21\bin\jimage.dll
0x00007ffe3cee0000 - 0x00007ffe3d0c4000 	C:\WINDOWS\SYSTEM32\DBGHELP.DLL
0x00007ffe1c1d0000 - 0x00007ffe1c204000 	C:\WINDOWS\SYSTEM32\dbgcore.DLL
0x00007ffe3f8d0000 - 0x00007ffe3f952000 	C:\WINDOWS\System32\bcryptPrimitives.dll
0x00007ffe29c00000 - 0x00007ffe29c1f000 	C:\Program Files\Java\jdk-21\bin\java.dll

dbghelp: loaded successfully - version: 4.0.5 - missing functions: none
symbol engine: initialized successfully - sym options: 0x614 - pdb path: .;C:\Program Files\Java\jdk-21\bin;C:\WINDOWS\SYSTEM32;C:\WINDOWS\WinSxS\amd64_microsoft.windows.common-controls_6595b64144ccf1df_6.0.19041.4355_none_60b8b9eb71f62e16;C:\Program Files\Java\jdk-21\bin\server

VM Arguments:
jvm_args: -Dfile.encoding=UTF-8 -Dstdout.encoding=UTF-8 -Dstderr.encoding=UTF-8 -XX:+ShowCodeDetailsInExceptionMessages 
java_command: cl.bonBonJovi.main.Main
java_class_path (initial): D:\0-JavaWorkSpace\sistemaClientes\target\classes
Launcher Type: SUN_STANDARD

[Global flags]
     intx CICompilerCount                          = 4                                         {product} {ergonomic}
     uint ConcGCThreads                            = 3                                         {product} {ergonomic}
     uint G1ConcRefinementThreads                  = 10                                        {product} {ergonomic}
   size_t G1HeapRegionSize                         = 4194304                                   {product} {ergonomic}
    uintx GCDrainStackTargetSize                   = 64                                        {product} {ergonomic}
   size_t InitialHeapSize                          = 536870912                                 {product} {ergonomic}
   size_t MarkStackSize                            = 4194304                                   {product} {ergonomic}
   size_t MaxHeapSize                              = 8573157376                                {product} {ergonomic}
   size_t MinHeapDeltaBytes                        = 4194304                                   {product} {ergonomic}
   size_t MinHeapSize                              = 8388608                                   {product} {ergonomic}
    uintx NonNMethodCodeHeapSize                   = 5839372                                {pd product} {ergonomic}
    uintx NonProfiledCodeHeapSize                  = 122909434                              {pd product} {ergonomic}
    uintx ProfiledCodeHeapSize                     = 122909434                              {pd product} {ergonomic}
    uintx ReservedCodeCacheSize                    = 251658240                              {pd product} {ergonomic}
     bool SegmentedCodeCache                       = true                                      {product} {ergonomic}
     bool ShowCodeDetailsInExceptionMessages       = true                                   {manageable} {command line}
   size_t SoftMaxHeapSize                          = 8573157376                             {manageable} {ergonomic}
     bool UseCompressedOops                        = true                           {product lp64_product} {ergonomic}
     bool UseG1GC                                  = true                                      {product} {ergonomic}
     bool UseLargePagesIndividualAllocation        = false                                  {pd product} {ergonomic}

Logging:
Log output configuration:
 #0: stdout all=warning uptime,level,tags foldmultilines=false
 #1: stderr all=off uptime,level,tags foldmultilines=false

Environment Variables:
JAVA_HOME=C:\Program Files\Java\jdk-21
PATH=C:/Users/Bruss Acevedo/.p2/pool/plugins/org.eclipse.justj.openjdk.hotspot.jre.full.win32.x86_64_22.0.0.v20240322-1225/jre/bin/server;C:/Users/Bruss Acevedo/.p2/pool/plugins/org.eclipse.justj.openjdk.hotspot.jre.full.win32.x86_64_22.0.0.v20240322-1225/jre/bin;C:\Program Files\Common Files\Oracle\Java\javapath;C:\Program Files (x86)\Common Files\Intel\Shared Libraries\redist\intel64\compiler;C:\WINDOWS\system32;C:\WINDOWS;C:\WINDOWS\System32\Wbem;C:\WINDOWS\System32\WindowsPowerShell\v1.0\;C:\Program Files\NVIDIA Corporation\NVIDIA NvDLISR;C:\Program Files (x86)\NVIDIA Corporation\PhysX\Common;C:\WINDOWS\System32\OpenSSH\;C:\Program Files\dotnet\;C:\Program Files\Java\jdk-21\bin;C:\Aplicaciones Curso FullStack Java\Git\cmd;C:\Users\Bruss Acevedo\AppData\Local\Microsoft\WindowsApps;C:\Users\Bruss Acevedo\.dotnet\tools;C:\Aplicaciones Curso FullStack Java\Microsoft VS Code\bin;C:\Aplicaciones Curso FullStack Java\PostgreSql\bin;;C:\Users\Bruss Acevedo\Desktop;
USERNAME=Bruss Acevedo
OS=Windows_NT
PROCESSOR_IDENTIFIER=Intel64 Family 6 Model 165 Stepping 3, GenuineIntel
TMP=C:\Users\BRUSSA~1\AppData\Local\Temp
TEMP=C:\Users\BRUSSA~1\AppData\Local\Temp




Periodic native trim disabled

---------------  S Y S T E M  ---------------

OS:
 Windows 10 , 64 bit Build 19041 (10.0.19041.3636)
OS uptime: 7 days 12:01 hours

CPU: total 12 (initial active 12) (6 cores per cpu, 2 threads per core) family 6 model 165 stepping 3 microcode 0xcc, cx8, cmov, fxsr, ht, mmx, 3dnowpref, sse, sse2, sse3, ssse3, sse4.1, sse4.2, popcnt, lzcnt, tsc, tscinvbit, avx, avx2, aes, erms, clmul, bmi1, bmi2, adx, fma, vzeroupper, clflush, clflushopt, rdtscp, f16c
Processor Information for all 12 processors :
  Max Mhz: 2901, Current Mhz: 2901, Mhz Limit: 2901

Memory: 4k page, system-wide physical 32697M (19771M free)
TotalPageFile size 46673M (AvailPageFile size 222M)
current process WorkingSet (physical memory assigned to process): 11M, peak: 11M
current process commit charge ("private bytes"): 64M, peak: 576M

vm_info: Java HotSpot(TM) 64-Bit Server VM (21.0.2+13-LTS-58) for windows-amd64 JRE (21.0.2+13-LTS-58), built on 2024-01-05T18:32:24Z by "mach5one" with MS VC++ 17.1 (VS2022)

END.
